<?xml version='1.0' encoding='UTF-8'?>
<testsuite hostname="DESKTOP-FVUFN3Q" name="computerdatabase.MySimulation" tests="1" errors="0" failures="0" skipped="0" time="30603.824" timestamp="2024-08-12T12:58:08">
          <properties>
[...]
</properties>
          <testcase classname="computerdatabase.MySimulation" name="" time="30603.824">
                      
                    </testcase>
          <system-out><![CDATA[]]></system-out>
          <system-err><![CDATA[]]></system-err>
        </testsuite>